c:\users\chris\repo-you00017\dev\a6-harold\build\a6-harold.dir\debug\vc142.pdb
c:\users\chris\repo-you00017\dev\a6-harold\build\a6-harold.dir\debug\main.obj
c:\users\chris\repo-you00017\dev\a6-harold\build\a6-harold.dir\debug\ground.obj
c:\users\chris\repo-you00017\dev\a6-harold\build\a6-harold.dir\debug\edge_mesh.obj
c:\users\chris\repo-you00017\dev\a6-harold\build\a6-harold.dir\debug\harold_app.obj
c:\users\chris\repo-you00017\dev\a6-harold\build\a6-harold.dir\debug\billboards.obj
c:\users\chris\repo-you00017\dev\a6-harold\build\a6-harold.dir\debug\sky.obj
c:\users\chris\repo-you00017\dev\a6-harold\build\cmakefiles\generate.stamp
c:\users\chris\repo-you00017\dev\a6-harold\build\debug\a6-harold.exe
c:\users\chris\repo-you00017\dev\a6-harold\build\debug\a6-harold.ilk
c:\users\chris\repo-you00017\dev\a6-harold\build\debug\a6-harold.pdb
c:\users\chris\repo-you00017\dev\a6-harold\build\a6-harold.dir\debug\a6-harold.tlog\cl.command.1.tlog
c:\users\chris\repo-you00017\dev\a6-harold\build\a6-harold.dir\debug\a6-harold.tlog\cl.read.1.tlog
c:\users\chris\repo-you00017\dev\a6-harold\build\a6-harold.dir\debug\a6-harold.tlog\cl.write.1.tlog
c:\users\chris\repo-you00017\dev\a6-harold\build\a6-harold.dir\debug\a6-harold.tlog\custombuild.command.1.tlog
c:\users\chris\repo-you00017\dev\a6-harold\build\a6-harold.dir\debug\a6-harold.tlog\custombuild.read.1.tlog
c:\users\chris\repo-you00017\dev\a6-harold\build\a6-harold.dir\debug\a6-harold.tlog\custombuild.write.1.tlog
c:\users\chris\repo-you00017\dev\a6-harold\build\a6-harold.dir\debug\a6-harold.tlog\link.4488.delete.1.tlog
c:\users\chris\repo-you00017\dev\a6-harold\build\a6-harold.dir\debug\a6-harold.tlog\link.command.1.tlog
c:\users\chris\repo-you00017\dev\a6-harold\build\a6-harold.dir\debug\a6-harold.tlog\link.read.1.tlog
c:\users\chris\repo-you00017\dev\a6-harold\build\a6-harold.dir\debug\a6-harold.tlog\link.write.1.tlog
